mode: set
github.com/andym1125/go-shell/builtins/cd.go:14.44,15.19 1 1
github.com/andym1125/go-shell/builtins/cd.go:16.9,17.20 1 1
github.com/andym1125/go-shell/builtins/cd.go:17.20,19.4 1 1
github.com/andym1125/go-shell/builtins/cd.go:20.3,20.27 1 1
github.com/andym1125/go-shell/builtins/cd.go:21.9,22.27 1 1
github.com/andym1125/go-shell/builtins/cd.go:23.10,24.90 1 1
github.com/andym1125/go-shell/builtins/echo.go:9.46,11.20 1 1
github.com/andym1125/go-shell/builtins/echo.go:11.20,14.3 2 1
github.com/andym1125/go-shell/builtins/echo.go:16.2,17.7 2 1
github.com/andym1125/go-shell/builtins/echo.go:17.7,19.3 1 1
github.com/andym1125/go-shell/builtins/echo.go:21.2,23.8 2 1
github.com/andym1125/go-shell/builtins/echo.go:23.8,25.3 1 1
github.com/andym1125/go-shell/builtins/echo.go:27.2,27.12 1 1
github.com/andym1125/go-shell/builtins/env.go:10.62,12.33 2 1
github.com/andym1125/go-shell/builtins/env.go:12.33,13.22 1 1
github.com/andym1125/go-shell/builtins/env.go:13.22,14.23 1 1
github.com/andym1125/go-shell/builtins/env.go:14.23,16.5 1 1
github.com/andym1125/go-shell/builtins/env.go:17.4,18.7 2 1
github.com/andym1125/go-shell/builtins/env.go:22.2,23.35 2 1
github.com/andym1125/go-shell/builtins/env.go:23.35,25.30 2 1
github.com/andym1125/go-shell/builtins/env.go:25.30,26.37 1 1
github.com/andym1125/go-shell/builtins/env.go:26.37,28.10 2 1
github.com/andym1125/go-shell/builtins/env.go:31.3,31.11 1 1
github.com/andym1125/go-shell/builtins/env.go:31.11,33.4 1 1
github.com/andym1125/go-shell/builtins/env.go:36.2,38.12 2 1
github.com/andym1125/go-shell/builtins/export.go:9.48,10.20 1 1
github.com/andym1125/go-shell/builtins/export.go:10.20,12.3 1 1
github.com/andym1125/go-shell/builtins/export.go:14.2,15.22 2 1
github.com/andym1125/go-shell/builtins/export.go:15.22,17.3 1 1
github.com/andym1125/go-shell/builtins/export.go:19.2,19.40 1 1
github.com/andym1125/go-shell/builtins/history.go:15.49,24.27 2 1
github.com/andym1125/go-shell/builtins/history.go:24.27,25.14 1 1
github.com/andym1125/go-shell/builtins/history.go:26.13,27.17 1 1
github.com/andym1125/go-shell/builtins/history.go:28.13,29.18 1 1
github.com/andym1125/go-shell/builtins/history.go:30.21,32.17 2 1
github.com/andym1125/go-shell/builtins/history.go:33.11,35.18 2 1
github.com/andym1125/go-shell/builtins/history.go:35.18,37.5 1 1
github.com/andym1125/go-shell/builtins/history.go:41.2,42.16 2 1
github.com/andym1125/go-shell/builtins/history.go:42.16,43.34 1 1
github.com/andym1125/go-shell/builtins/history.go:43.34,45.4 1 1
github.com/andym1125/go-shell/builtins/history.go:46.3,46.13 1 1
github.com/andym1125/go-shell/builtins/history.go:48.2,53.21 5 1
github.com/andym1125/go-shell/builtins/history.go:53.21,56.28 3 1
github.com/andym1125/go-shell/builtins/history.go:56.28,58.4 1 1
github.com/andym1125/go-shell/builtins/history.go:61.2,61.13 1 1
github.com/andym1125/go-shell/builtins/history.go:61.13,62.56 1 1
github.com/andym1125/go-shell/builtins/history.go:62.56,64.4 1 1
github.com/andym1125/go-shell/builtins/history.go:68.2,68.30 1 1
github.com/andym1125/go-shell/builtins/history.go:68.30,70.14 2 1
github.com/andym1125/go-shell/builtins/history.go:70.14,72.4 1 1
github.com/andym1125/go-shell/builtins/history.go:74.3,74.14 1 1
github.com/andym1125/go-shell/builtins/history.go:74.14,76.4 1 1
github.com/andym1125/go-shell/builtins/history.go:76.9,78.4 1 1
github.com/andym1125/go-shell/builtins/history.go:81.2,81.12 1 1
github.com/andym1125/go-shell/builtins/pwd.go:16.57,19.39 1 0
github.com/andym1125/go-shell/builtins/pwd.go:19.39,21.17 2 0
github.com/andym1125/go-shell/builtins/pwd.go:21.17,23.4 1 0
github.com/andym1125/go-shell/builtins/pwd.go:24.3,25.13 2 0
github.com/andym1125/go-shell/builtins/pwd.go:27.8,30.3 2 0
github.com/andym1125/go-shell/builtins/repeat.go:9.134,12.16 3 0
github.com/andym1125/go-shell/builtins/repeat.go:12.16,14.3 1 0
github.com/andym1125/go-shell/builtins/repeat.go:16.2,16.27 1 0
github.com/andym1125/go-shell/builtins/repeat.go:16.27,17.51 1 0
github.com/andym1125/go-shell/builtins/repeat.go:17.51,19.4 1 0
github.com/andym1125/go-shell/builtins/repeat.go:22.2,22.12 1 0
github.com/andym1125/go-shell/main.go:15.13,18.2 2 0
github.com/andym1125/go-shell/main.go:20.66,27.6 3 1
github.com/andym1125/go-shell/main.go:27.6,28.10 1 1
github.com/andym1125/go-shell/main.go:29.15,31.10 2 1
github.com/andym1125/go-shell/main.go:32.11,33.41 1 1
github.com/andym1125/go-shell/main.go:33.41,35.13 2 0
github.com/andym1125/go-shell/main.go:37.4,37.58 1 1
github.com/andym1125/go-shell/main.go:37.58,39.13 2 1
github.com/andym1125/go-shell/main.go:41.4,41.53 1 1
github.com/andym1125/go-shell/main.go:41.53,43.5 1 1
github.com/andym1125/go-shell/main.go:48.37,52.16 2 1
github.com/andym1125/go-shell/main.go:52.16,54.3 1 0
github.com/andym1125/go-shell/main.go:56.2,57.16 2 1
github.com/andym1125/go-shell/main.go:57.16,59.3 1 0
github.com/andym1125/go-shell/main.go:62.2,64.12 2 1
github.com/andym1125/go-shell/main.go:67.73,78.14 5 1
github.com/andym1125/go-shell/main.go:79.12,80.42 1 1
github.com/andym1125/go-shell/main.go:81.13,82.50 1 1
github.com/andym1125/go-shell/main.go:83.13,84.45 1 1
github.com/andym1125/go-shell/main.go:85.17,86.37 1 1
github.com/andym1125/go-shell/main.go:87.14,88.34 1 1
github.com/andym1125/go-shell/main.go:89.16,90.62 1 1
github.com/andym1125/go-shell/main.go:91.16,92.36 1 1
github.com/andym1125/go-shell/main.go:93.16,94.45 1 1
github.com/andym1125/go-shell/main.go:95.14,97.12 2 1
github.com/andym1125/go-shell/main.go:98.10,99.38 1 1
github.com/andym1125/go-shell/main.go:102.2,103.16 2 1
github.com/andym1125/go-shell/main.go:103.16,105.3 1 1
github.com/andym1125/go-shell/main.go:106.2,106.13 1 1
github.com/andym1125/go-shell/main.go:109.20,111.20 2 1
github.com/andym1125/go-shell/main.go:111.20,113.3 1 1
github.com/andym1125/go-shell/main.go:116.39,118.20 2 1
github.com/andym1125/go-shell/main.go:118.20,121.3 2 1
github.com/andym1125/go-shell/main.go:124.2,125.16 2 1
github.com/andym1125/go-shell/main.go:125.16,127.3 1 1
github.com/andym1125/go-shell/main.go:128.2,133.12 3 1
github.com/andym1125/go-shell/main.go:136.55,146.2 4 1
