mode: set
github.com/andym1125/go-shell/builtins/cd.go:14.44,15.19 1 1
github.com/andym1125/go-shell/builtins/cd.go:16.9,17.20 1 1
github.com/andym1125/go-shell/builtins/cd.go:17.20,19.4 1 1
github.com/andym1125/go-shell/builtins/cd.go:20.3,20.27 1 1
github.com/andym1125/go-shell/builtins/cd.go:21.9,22.27 1 1
github.com/andym1125/go-shell/builtins/cd.go:23.10,24.90 1 1
github.com/andym1125/go-shell/builtins/echo.go:9.46,11.20 1 1
github.com/andym1125/go-shell/builtins/echo.go:11.20,14.3 2 1
github.com/andym1125/go-shell/builtins/echo.go:16.2,17.7 2 1
github.com/andym1125/go-shell/builtins/echo.go:17.7,19.3 1 1
github.com/andym1125/go-shell/builtins/echo.go:21.2,23.8 2 1
github.com/andym1125/go-shell/builtins/echo.go:23.8,25.3 1 1
github.com/andym1125/go-shell/builtins/echo.go:27.2,27.12 1 1
github.com/andym1125/go-shell/builtins/env.go:10.62,12.33 2 1
github.com/andym1125/go-shell/builtins/env.go:12.33,13.22 1 1
github.com/andym1125/go-shell/builtins/env.go:13.22,14.23 1 1
github.com/andym1125/go-shell/builtins/env.go:14.23,16.5 1 1
github.com/andym1125/go-shell/builtins/env.go:17.4,18.7 2 1
github.com/andym1125/go-shell/builtins/env.go:22.2,23.35 2 1
github.com/andym1125/go-shell/builtins/env.go:23.35,25.30 2 1
github.com/andym1125/go-shell/builtins/env.go:25.30,26.37 1 1
github.com/andym1125/go-shell/builtins/env.go:26.37,28.10 2 1
github.com/andym1125/go-shell/builtins/env.go:31.3,31.11 1 1
github.com/andym1125/go-shell/builtins/env.go:31.11,33.4 1 1
github.com/andym1125/go-shell/builtins/env.go:36.2,38.12 2 1
github.com/andym1125/go-shell/builtins/export.go:9.48,10.20 1 1
github.com/andym1125/go-shell/builtins/export.go:10.20,12.3 1 1
github.com/andym1125/go-shell/builtins/export.go:14.2,15.22 2 1
github.com/andym1125/go-shell/builtins/export.go:15.22,17.3 1 1
github.com/andym1125/go-shell/builtins/export.go:19.2,19.40 1 1
github.com/andym1125/go-shell/builtins/history.go:15.49,24.27 2 0
github.com/andym1125/go-shell/builtins/history.go:24.27,25.14 1 0
github.com/andym1125/go-shell/builtins/history.go:26.13,27.17 1 0
github.com/andym1125/go-shell/builtins/history.go:28.13,29.18 1 0
github.com/andym1125/go-shell/builtins/history.go:30.21,32.17 2 0
github.com/andym1125/go-shell/builtins/history.go:33.11,35.18 2 0
github.com/andym1125/go-shell/builtins/history.go:35.18,37.5 1 0
github.com/andym1125/go-shell/builtins/history.go:41.2,42.16 2 0
github.com/andym1125/go-shell/builtins/history.go:42.16,43.34 1 0
github.com/andym1125/go-shell/builtins/history.go:43.34,45.4 1 0
github.com/andym1125/go-shell/builtins/history.go:46.3,46.13 1 0
github.com/andym1125/go-shell/builtins/history.go:48.2,53.21 5 0
github.com/andym1125/go-shell/builtins/history.go:53.21,56.28 3 0
github.com/andym1125/go-shell/builtins/history.go:56.28,58.4 1 0
github.com/andym1125/go-shell/builtins/history.go:61.2,61.13 1 0
github.com/andym1125/go-shell/builtins/history.go:61.13,62.56 1 0
github.com/andym1125/go-shell/builtins/history.go:62.56,64.4 1 0
github.com/andym1125/go-shell/builtins/history.go:68.2,68.30 1 0
github.com/andym1125/go-shell/builtins/history.go:68.30,70.14 2 0
github.com/andym1125/go-shell/builtins/history.go:70.14,72.4 1 0
github.com/andym1125/go-shell/builtins/history.go:74.3,74.14 1 0
github.com/andym1125/go-shell/builtins/history.go:74.14,76.4 1 0
github.com/andym1125/go-shell/builtins/history.go:76.9,78.4 1 0
github.com/andym1125/go-shell/builtins/history.go:81.2,81.12 1 0
github.com/andym1125/go-shell/builtins/pwd.go:16.57,19.39 1 0
github.com/andym1125/go-shell/builtins/pwd.go:19.39,21.17 2 0
github.com/andym1125/go-shell/builtins/pwd.go:21.17,23.4 1 0
github.com/andym1125/go-shell/builtins/pwd.go:24.3,25.13 2 0
github.com/andym1125/go-shell/builtins/pwd.go:27.8,30.3 2 0
github.com/andym1125/go-shell/builtins/repeat.go:9.134,12.16 3 0
github.com/andym1125/go-shell/builtins/repeat.go:12.16,14.3 1 0
github.com/andym1125/go-shell/builtins/repeat.go:16.2,16.27 1 0
github.com/andym1125/go-shell/builtins/repeat.go:16.27,17.51 1 0
github.com/andym1125/go-shell/builtins/repeat.go:17.51,19.4 1 0
github.com/andym1125/go-shell/builtins/repeat.go:22.2,22.12 1 0
